<?xml version="1.0" encoding="UTF-8"?>
<testsuite xmlns:xsi="http://www.w3.org/2001/XMLSchema-instance" xsi:noNamespaceSchemaLocation="https://maven.apache.org/surefire/maven-surefire-plugin/xsd/surefire-test-report-3.0.xsd" version="3.0" name="org.bpmnflow.starter.api.WorkflowApiControllerTest$RulesByStatusTests" time="0.022" tests="4" errors="0" skipped="0" failures="0">
  <properties>
[...]
</properties>
  <testcase name="rules_returns200" classname="org.bpmnflow.starter.api.WorkflowApiControllerTest" time="1.507">
    <system-err><![CDATA[WARNING: A Java agent has been loaded dynamically (/home/jeferson/.m2/repository/net/bytebuddy/byte-buddy-agent/1.14.19/byte-buddy-agent-1.14.19.jar)
WARNING: If a serviceability tool is in use, please run with -XX:+EnableDynamicAgentLoading to hide this warning
WARNING: If a serviceability tool is not in use, please run with -Djdk.instrument.traceUsage for more information
WARNING: Dynamic loading of agents will be disallowed by default in a future release
]]></system-err>
  </testcase>
  <testcase name="stages_returns200" classname="org.bpmnflow.starter.api.WorkflowApiControllerTest" time="0.006"/>
  <testcase name="rulesByStatus_returns200" classname="org.bpmnflow.starter.api.WorkflowApiControllerTest$RulesByStatusTests" time="0.008"/>
  <testcase name="rulesByStatus_invalid_returns400" classname="org.bpmnflow.starter.api.WorkflowApiControllerTest$RulesByStatusTests" time="0.008"/>
</testsuite>